SF:lib/domain/models/motel.dart
DA:13,1
DA:24,0
DA:25,0
DA:26,0
DA:27,0
DA:28,0
DA:29,0
DA:30,0
DA:31,0
DA:32,0
DA:33,0
DA:34,0
DA:35,0
LF:13
LH:1
end_of_record
SF:lib/ui/guia/view_model/motel_view_model.dart
DA:13,0
DA:15,0
DA:16,0
DA:17,0
DA:18,0
DA:21,0
DA:23,0
DA:24,0
DA:25,0
DA:26,0
DA:27,0
DA:30,0
DA:32,0
DA:33,0
DA:37,0
DA:38,0
DA:39,0
DA:40,0
LF:18
LH:0
end_of_record
SF:lib/ui/guia/pages/ir_agora_page.dart
DA:9,1
DA:11,1
DA:12,1
DA:16,1
DA:18,1
DA:19,3
DA:20,3
DA:24,1
DA:26,1
DA:29,1
DA:37,1
DA:38,1
DA:39,1
DA:43,1
DA:44,1
DA:46,3
DA:49,1
DA:50,1
LF:18
LH:18
end_of_record
SF:lib/ui/guia/widgets/header_guia.dart
DA:8,1
DA:10,1
DA:12,1
DA:13,1
DA:14,1
DA:17,1
DA:19,1
DA:21,1
DA:22,1
DA:25,1
DA:29,1
DA:30,1
DA:31,1
DA:37,1
DA:39,1
DA:41,1
DA:42,1
DA:43,1
DA:44,3
DA:46,1
DA:47,1
DA:48,3
DA:50,2
DA:54,1
DA:55,1
DA:56,2
DA:58,3
DA:59,1
DA:62,1
DA:69,1
DA:70,1
DA:72,1
DA:74,1
LF:33
LH:33
end_of_record
SF:lib/ui/guia/widgets/suite_carousel.dart
DA:7,1
DA:9,1
DA:11,1
DA:12,1
DA:13,1
DA:17,1
DA:18,4
DA:19,1
DA:20,3
DA:21,0
DA:22,0
LF:11
LH:9
end_of_record
SF:lib/data/datasources/motel_datasource.dart
DA:13,0
DA:15,0
DA:18,0
DA:20,0
DA:21,0
DA:23,0
LF:6
LH:0
end_of_record
SF:lib/data/repositories/motel_repository_impl.dart
DA:10,0
DA:12,0
DA:15,0
DA:16,0
DA:18,0
LF:5
LH:0
end_of_record
SF:lib/domain/errors/failures.dart
DA:4,0
DA:8,0
LF:2
LH:0
end_of_record
SF:lib/domain/models/categoria_item.dart
DA:5,0
DA:10,0
DA:11,0
DA:12,0
DA:13,0
LF:5
LH:0
end_of_record
SF:lib/domain/models/suite.dart
DA:12,0
DA:21,0
DA:22,0
DA:23,0
DA:24,0
DA:25,0
DA:26,0
DA:27,0
DA:28,0
DA:29,0
DA:30,0
DA:31,0
DA:32,0
LF:13
LH:0
end_of_record
SF:lib/domain/models/periodo.dart
DA:4,0
DA:6,0
DA:7,0
DA:17,0
DA:24,0
DA:25,0
DA:26,0
DA:27,0
DA:28,0
DA:30,0
LF:10
LH:0
end_of_record
SF:lib/ui/core/widgets/custom_app_bar.dart
DA:5,1
DA:7,1
DA:9,1
DA:11,1
DA:13,1
DA:15,1
DA:17,1
DA:19,1
DA:20,1
DA:21,1
DA:23,0
DA:25,1
DA:26,1
DA:27,1
DA:28,4
DA:30,1
DA:31,1
DA:32,1
DA:35,1
DA:37,1
DA:38,1
DA:39,1
DA:46,1
DA:48,0
DA:54,1
DA:55,1
DA:56,1
DA:58,1
DA:67,1
DA:69,1
DA:75,1
DA:78,1
DA:79,1
DA:81,2
DA:82,1
DA:84,1
DA:85,1
DA:101,1
DA:102,1
DA:104,1
DA:106,1
DA:108,1
DA:110,1
DA:111,1
DA:117,1
DA:119,1
DA:130,1
LF:47
LH:45
end_of_record
SF:lib/ui/core/widgets/lowercase_text.dart
DA:10,2
DA:19,1
DA:21,1
DA:22,2
DA:23,1
DA:24,1
DA:25,1
DA:26,1
LF:8
LH:8
end_of_record
SF:lib/ui/core/widgets/discount_badge.dart
DA:8,0
DA:14,0
DA:16,0
DA:18,0
DA:20,0
DA:21,0
DA:22,0
DA:24,0
DA:25,0
LF:9
LH:0
end_of_record
SF:lib/ui/core/widgets/rating_badge.dart
DA:7,1
DA:12,1
DA:14,1
DA:19,1
DA:20,1
DA:21,1
DA:23,1
DA:25,1
DA:26,1
DA:29,1
DA:32,1
DA:33,2
DA:34,1
LF:13
LH:13
end_of_record
SF:lib/ui/guia/pages/suite_photos_page.dart
DA:8,0
DA:14,0
DA:18,0
DA:20,0
DA:21,0
DA:22,0
DA:35,0
DA:37,0
DA:38,0
DA:40,0
DA:41,0
DA:44,0
DA:45,0
DA:46,0
DA:47,0
DA:52,0
DA:53,0
DA:57,0
DA:58,0
DA:61,0
DA:62,0
DA:63,0
DA:64,0
DA:65,0
DA:67,0
DA:71,0
DA:78,0
DA:79,0
DA:81,0
DA:83,0
DA:92,0
DA:93,0
DA:95,0
DA:96,0
DA:97,0
DA:98,0
DA:100,0
DA:102,0
DA:110,0
DA:111,0
DA:113,0
DA:115,0
LF:42
LH:0
end_of_record
SF:lib/ui/guia/widgets/itens_category_card.dart
DA:8,0
DA:10,0
DA:12,0
DA:13,0
DA:14,0
DA:16,0
DA:18,0
DA:20,0
DA:22,0
DA:24,0
DA:25,0
DA:26,0
DA:34,0
DA:35,0
DA:37,0
DA:38,0
DA:39,0
DA:41,0
DA:42,0
DA:44,0
DA:49,0
DA:50,0
DA:57,0
DA:58,0
DA:60,0
DA:63,0
DA:64,0
DA:67,0
DA:68,0
DA:74,0
DA:77,0
LF:31
LH:0
end_of_record
SF:lib/ui/guia/widgets/period_card.dart
DA:10,0
DA:12,0
DA:15,0
DA:17,0
DA:18,0
DA:20,0
DA:22,0
DA:24,0
DA:26,0
DA:27,0
DA:28,0
DA:29,0
DA:31,0
DA:32,0
DA:33,0
DA:34,0
DA:35,0
DA:36,0
DA:38,0
DA:40,0
DA:41,0
DA:42,0
DA:47,0
DA:48,0
DA:49,0
DA:50,0
DA:51,0
DA:52,0
DA:53,0
DA:58,0
DA:59,0
DA:60,0
DA:61,0
LF:33
LH:0
end_of_record
SF:lib/ui/guia/widgets/suite_card.dart
DA:10,0
DA:12,0
DA:14,0
DA:16,0
DA:17,0
DA:18,0
DA:19,0
DA:20,0
DA:21,0
DA:22,0
DA:24,0
DA:25,0
DA:26,0
LF:13
LH:0
end_of_record
SF:lib/ui/guia/widgets/suite_photo.dart
DA:12,0
DA:21,0
DA:23,0
DA:24,0
DA:25,0
DA:26,0
DA:28,0
DA:29,0
DA:30,0
DA:31,0
DA:36,0
DA:37,0
DA:38,0
DA:40,0
DA:43,0
DA:44,0
DA:45,0
DA:47,0
DA:48,0
DA:49,0
DA:50,0
DA:57,0
DA:60,0
DA:61,0
DA:62,0
DA:65,0
DA:66,0
DA:67,0
DA:73,0
DA:74,0
DA:76,0
DA:77,0
DA:79,0
DA:83,0
DA:84,0
DA:85,0
DA:86,0
LF:37
LH:0
end_of_record
