SF:lib/domain/models/discount.dart
DA:4,1
DA:6,0
DA:7,0
LF:3
LH:1
end_of_record
SF:lib/ui/guia/widgets/period_card.dart
DA:10,2
DA:12,2
DA:15,2
DA:17,2
DA:18,2
DA:19,8
DA:21,2
DA:23,2
DA:25,2
DA:27,2
DA:28,2
DA:29,2
DA:30,2
DA:32,2
DA:33,2
DA:34,2
DA:35,2
DA:36,4
DA:37,6
DA:39,5
DA:41,1
DA:42,2
DA:43,3
DA:48,2
DA:49,2
DA:50,4
DA:51,1
DA:52,3
DA:53,1
DA:54,1
DA:59,5
DA:60,2
DA:61,6
DA:62,6
LF:34
LH:34
end_of_record
SF:lib/domain/models/period.dart
DA:9,2
DA:16,0
DA:17,0
DA:18,0
DA:19,0
DA:20,0
DA:22,0
LF:7
LH:1
end_of_record
SF:lib/ui/guia/widgets/discount_badge.dart
DA:8,1
DA:14,1
DA:16,5
DA:18,1
DA:20,1
DA:21,1
DA:22,1
DA:24,1
DA:25,1
LF:9
LH:9
end_of_record
SF:lib/data/datasources/motel_datasource.dart
DA:13,0
DA:15,0
DA:18,0
DA:20,0
DA:21,0
DA:23,0
LF:6
LH:0
end_of_record
SF:lib/domain/models/motel.dart
DA:13,1
DA:24,0
DA:25,0
DA:26,0
DA:27,0
DA:28,0
DA:29,0
DA:30,0
DA:31,0
DA:32,0
DA:33,0
DA:34,0
DA:35,0
LF:13
LH:1
end_of_record
SF:lib/data/repositories/motel_repository_impl.dart
DA:10,0
DA:12,0
DA:15,0
DA:16,0
DA:18,0
LF:5
LH:0
end_of_record
SF:lib/domain/errors/failures.dart
DA:4,0
DA:8,0
LF:2
LH:0
end_of_record
SF:lib/domain/models/category_item.dart
DA:5,1
DA:10,0
DA:11,0
DA:12,0
DA:13,0
LF:5
LH:1
end_of_record
SF:lib/domain/models/suite.dart
DA:12,1
DA:21,0
DA:22,0
DA:23,0
DA:24,0
DA:25,0
DA:26,0
DA:27,0
DA:28,0
DA:29,0
DA:30,0
DA:31,0
DA:32,0
LF:13
LH:1
end_of_record
SF:lib/ui/guia/pages/ir_agora_page.dart
DA:9,1
DA:11,1
DA:12,1
DA:16,1
DA:18,1
DA:19,3
DA:20,3
DA:24,1
DA:26,1
DA:29,1
DA:37,1
DA:38,1
DA:39,1
DA:43,1
DA:44,1
DA:46,3
DA:49,1
DA:50,1
LF:18
LH:18
end_of_record
SF:lib/ui/guia/view_model/motel_view_model.dart
DA:13,0
DA:15,0
DA:16,0
DA:17,0
DA:18,0
DA:21,0
DA:23,0
DA:24,0
DA:25,0
DA:28,0
DA:30,0
DA:31,0
DA:35,0
DA:36,0
DA:37,0
DA:38,0
LF:16
LH:0
end_of_record
SF:lib/ui/guia/widgets/custom_app_bar.dart
DA:5,5
DA:7,1
DA:8,1
DA:10,1
DA:17,1
DA:19,1
DA:21,1
DA:23,1
DA:25,1
DA:26,1
DA:28,1
DA:29,1
DA:30,1
DA:32,0
DA:34,1
DA:35,1
DA:36,1
DA:37,4
DA:39,1
DA:40,1
DA:41,1
DA:43,1
DA:44,1
DA:45,1
DA:48,2
DA:49,2
DA:50,1
DA:51,4
DA:53,1
DA:55,1
DA:59,1
DA:61,1
DA:62,1
DA:63,1
DA:69,1
DA:70,1
DA:83,1
DA:85,0
DA:90,1
DA:91,1
DA:92,1
DA:94,1
DA:103,1
DA:105,1
DA:111,1
DA:114,1
DA:115,1
DA:117,2
DA:118,1
DA:120,1
DA:121,1
DA:137,1
DA:138,2
DA:139,1
DA:140,0
DA:141,1
DA:144,1
DA:145,1
DA:149,1
DA:150,1
DA:156,1
DA:158,1
LF:62
LH:59
end_of_record
SF:lib/ui/guia/widgets/header_guia.dart
DA:8,5
DA:10,1
DA:12,1
DA:13,1
DA:14,1
DA:17,1
DA:19,1
DA:21,1
DA:22,1
DA:25,1
DA:29,1
DA:30,1
DA:31,1
DA:37,1
DA:39,1
DA:41,1
DA:42,1
DA:43,1
DA:44,3
DA:46,1
DA:47,1
DA:48,3
DA:50,2
DA:54,1
DA:55,1
DA:56,2
DA:58,3
DA:59,1
DA:62,1
DA:69,1
DA:70,1
DA:72,1
DA:74,1
LF:33
LH:33
end_of_record
SF:lib/ui/guia/widgets/suite_carousel.dart
DA:7,5
DA:9,1
DA:11,1
DA:12,1
DA:13,1
DA:17,1
DA:18,4
DA:19,1
DA:20,3
DA:21,0
DA:22,0
LF:11
LH:9
end_of_record
SF:lib/ui/guia/pages/suite_photos_page.dart
DA:8,2
DA:14,2
DA:18,2
DA:20,2
DA:21,2
DA:22,2
DA:35,2
DA:37,4
DA:38,2
DA:39,2
DA:40,6
DA:41,2
DA:42,1
DA:43,1
DA:44,5
DA:47,1
DA:48,3
DA:50,0
DA:51,0
DA:54,0
DA:55,0
DA:56,0
DA:57,0
DA:58,0
DA:60,0
DA:64,0
DA:71,2
DA:72,2
DA:74,2
DA:76,2
DA:85,1
DA:86,1
DA:88,1
DA:89,1
DA:90,1
DA:91,1
DA:93,1
DA:95,1
DA:103,1
DA:104,1
DA:106,1
DA:108,1
LF:42
LH:33
end_of_record
SF:lib/ui/guia/widgets/lowercase_text.dart
DA:10,10
DA:19,5
DA:21,5
DA:22,10
DA:23,5
DA:24,5
DA:25,5
DA:26,5
LF:8
LH:8
end_of_record
SF:lib/ui/guia/widgets/rating_badge.dart
DA:7,1
DA:12,1
DA:14,1
DA:19,1
DA:20,1
DA:21,1
DA:23,1
DA:25,1
DA:26,1
DA:29,1
DA:32,1
DA:33,2
DA:34,1
LF:13
LH:13
end_of_record
SF:lib/ui/guia/widgets/itens_category_card.dart
DA:8,1
DA:10,1
DA:12,1
DA:13,1
DA:14,4
DA:16,1
DA:18,1
DA:20,1
DA:22,1
DA:24,1
DA:25,4
DA:26,1
DA:34,1
DA:35,1
DA:37,1
DA:38,1
DA:39,1
DA:41,1
DA:42,1
DA:44,1
DA:49,1
DA:50,1
DA:57,1
DA:58,1
DA:60,1
DA:63,1
DA:64,1
DA:67,1
DA:68,1
DA:74,1
DA:77,1
LF:31
LH:31
end_of_record
SF:lib/ui/guia/widgets/suite_card.dart
DA:10,1
DA:12,1
DA:14,1
DA:16,1
DA:17,1
DA:18,3
DA:19,2
DA:20,2
DA:21,2
DA:22,2
DA:24,3
DA:25,3
DA:26,2
LF:13
LH:13
end_of_record
SF:lib/ui/guia/widgets/suite_photo.dart
DA:12,2
DA:21,2
DA:23,2
DA:24,2
DA:25,1
DA:26,1
DA:28,1
DA:29,2
DA:30,1
DA:31,1
DA:36,2
DA:37,8
DA:38,2
DA:40,2
DA:43,2
DA:44,2
DA:45,2
DA:47,2
DA:48,2
DA:49,2
DA:50,2
DA:57,2
DA:60,2
DA:61,2
DA:62,2
DA:65,2
DA:66,2
DA:67,6
DA:73,6
DA:74,2
DA:76,2
DA:77,2
DA:79,2
DA:83,2
DA:84,4
DA:85,2
DA:86,2
LF:37
LH:37
end_of_record
